<?xml version="1.0" encoding="UTF-8" ?>
<testsuite failures="0" time="0.044" errors="0" skipped="0" tests="5" name="org.boza.katas.AppTest">
  <properties>
[...]
</properties>
  <testcase time="0.001" classname="org.boza.katas.AppTest" name="testNoBooks"/>
  <testcase time="0.001" classname="org.boza.katas.AppTest" name="testOneBook"/>
  <testcase time="0" classname="org.boza.katas.AppTest" name="testTwoDifferentBooks"/>
  <testcase time="0" classname="org.boza.katas.AppTest" name="testTwoSameBooks"/>
  <testcase time="0" classname="org.boza.katas.AppTest" name="testDisasterBooksSet"/>
</testsuite>